This file contains any messages produced by compilers while
running configure, to aid debugging if configure makes a mistake.

It was created by Gold configure 2.2.0.5, which was
generated by GNU Autoconf 2.65.  Invocation command line was

  $ ./configure --prefix=/opt/test_gold/gold --with-db=Pg --with-log-dir=/opt/test_gold/gold/log --with-perl-libs=local --with-gold-libs=local

## --------- ##
## Platform. ##
## --------- ##

hostname = itf-lifeportal-core-d01.hpc.uio.no
uname -m = x86_64
uname -r = 3.10.0-514.el7.x86_64
uname -s = Linux
uname -v = #1 SMP Wed Oct 19 11:24:13 EDT 2016

/usr/bin/uname -p = x86_64
/bin/uname -X     = unknown

/bin/arch              = x86_64
/usr/bin/arch -k       = unknown
/usr/convex/getsysinfo = unknown
/usr/bin/hostinfo      = unknown
/bin/machine           = unknown
/usr/bin/oslevel       = unknown
/bin/universe          = unknown

PATH: /sbin
PATH: /bin
PATH: /usr/sbin
PATH: /usr/bin


## ----------- ##
## Core tests. ##
## ----------- ##

configure:2159: checking for gcc
configure:2175: found /bin/gcc
configure:2186: result: gcc
configure:2415: checking for C compiler version
configure:2424: gcc --version >&5
gcc (GCC) 4.8.5 20150623 (Red Hat 4.8.5-11)
Copyright (C) 2015 Free Software Foundation, Inc.
This is free software; see the source for copying conditions.  There is NO
warranty; not even for MERCHANTABILITY or FITNESS FOR A PARTICULAR PURPOSE.

configure:2435: $? = 0
configure:2424: gcc -v >&5
Using built-in specs.
COLLECT_GCC=gcc
COLLECT_LTO_WRAPPER=/usr/libexec/gcc/x86_64-redhat-linux/4.8.5/lto-wrapper
Target: x86_64-redhat-linux
Configured with: ../configure --prefix=/usr --mandir=/usr/share/man --infodir=/usr/share/info --with-bugurl=http://bugzilla.redhat.com/bugzilla --enable-bootstrap --enable-shared --enable-threads=posix --enable-checking=release --with-system-zlib --enable-__cxa_atexit --disable-libunwind-exceptions --enable-gnu-unique-object --enable-linker-build-id --with-linker-hash-style=gnu --enable-languages=c,c++,objc,obj-c++,java,fortran,ada,go,lto --enable-plugin --enable-initfini-array --disable-libgcj --with-isl=/builddir/build/BUILD/gcc-4.8.5-20150702/obj-x86_64-redhat-linux/isl-install --with-cloog=/builddir/build/BUILD/gcc-4.8.5-20150702/obj-x86_64-redhat-linux/cloog-install --enable-gnu-indirect-function --with-tune=generic --with-arch_32=x86-64 --build=x86_64-redhat-linux
Thread model: posix
gcc version 4.8.5 20150623 (Red Hat 4.8.5-11) (GCC) 
configure:2435: $? = 0
configure:2424: gcc -V >&5
gcc: error: unrecognized command line option '-V'
gcc: fatal error: no input files
compilation terminated.
configure:2435: $? = 4
configure:2424: gcc -qversion >&5
gcc: error: unrecognized command line option '-qversion'
gcc: fatal error: no input files
compilation terminated.
configure:2435: $? = 4
configure:2455: checking whether the C compiler works
configure:2477: gcc    conftest.c  >&5
configure:2481: $? = 0
configure:2530: result: yes
configure:2533: checking for C compiler default output file name
configure:2535: result: a.out
configure:2541: checking for suffix of executables
configure:2548: gcc -o conftest    conftest.c  >&5
configure:2552: $? = 0
configure:2574: result: 
configure:2596: checking whether we are cross compiling
configure:2604: gcc -o conftest    conftest.c  >&5
configure:2608: $? = 0
configure:2615: ./conftest
configure:2619: $? = 0
configure:2634: result: no
configure:2639: checking for suffix of object files
configure:2661: gcc -c   conftest.c >&5
configure:2665: $? = 0
configure:2686: result: o
configure:2690: checking whether we are using the GNU C compiler
configure:2709: gcc -c   conftest.c >&5
configure:2709: $? = 0
configure:2718: result: yes
configure:2727: checking whether gcc accepts -g
configure:2747: gcc -c -g  conftest.c >&5
configure:2747: $? = 0
configure:2788: result: yes
configure:2805: checking for gcc option to accept ISO C89
configure:2869: gcc  -c -g -O2  conftest.c >&5
configure:2869: $? = 0
configure:2882: result: none needed
configure:2902: checking whether ln -s works
configure:2906: result: yes
configure:2913: checking whether make sets $(MAKE)
configure:2935: result: yes
configure:2946: checking for rm
configure:2962: found /bin/rm
configure:2973: result: rm -f
configure:2983: checking for tar
configure:2999: found /bin/tar
configure:3010: result: tar
configure:3020: checking for gzip
configure:3036: found /bin/gzip
configure:3047: result: gzip
configure:3057: checking for autoconf
configure:3087: result: no
configure:3102: checking for perl
configure:3120: found /bin/perl
configure:3132: result: /bin/perl
configure:3163: checking how to run the C preprocessor
configure:3194: gcc -E  conftest.c
configure:3194: $? = 0
configure:3208: gcc -E  conftest.c
conftest.c:9:28: fatal error: ac_nonexistent.h: No such file or directory
 #include <ac_nonexistent.h>
                            ^
compilation terminated.
configure:3208: $? = 1
configure: failed program was:
| /* confdefs.h */
| #define PACKAGE_NAME "Gold"
| #define PACKAGE_TARNAME "gold"
| #define PACKAGE_VERSION "2.2.0.5"
| #define PACKAGE_STRING "Gold 2.2.0.5"
| #define PACKAGE_BUGREPORT "gold-support@adaptivecomputing.com"
| #define PACKAGE_URL ""
| /* end confdefs.h.  */
| #include <ac_nonexistent.h>
configure:3233: result: gcc -E
configure:3253: gcc -E  conftest.c
configure:3253: $? = 0
configure:3267: gcc -E  conftest.c
conftest.c:9:28: fatal error: ac_nonexistent.h: No such file or directory
 #include <ac_nonexistent.h>
                            ^
compilation terminated.
configure:3267: $? = 1
configure: failed program was:
| /* confdefs.h */
| #define PACKAGE_NAME "Gold"
| #define PACKAGE_TARNAME "gold"
| #define PACKAGE_VERSION "2.2.0.5"
| #define PACKAGE_STRING "Gold 2.2.0.5"
| #define PACKAGE_BUGREPORT "gold-support@adaptivecomputing.com"
| #define PACKAGE_URL ""
| /* end confdefs.h.  */
| #include <ac_nonexistent.h>
configure:3296: checking for grep that handles long lines and -e
configure:3354: result: /bin/grep
configure:3359: checking for egrep
configure:3421: result: /bin/grep -E
configure:3426: checking for ANSI C header files
configure:3446: gcc -c -g -O2  conftest.c >&5
configure:3446: $? = 0
configure:3519: gcc -o conftest -g -O2   conftest.c  >&5
configure:3519: $? = 0
configure:3519: ./conftest
configure:3519: $? = 0
configure:3530: result: yes
configure:3543: checking for sys/types.h
configure:3543: gcc -c -g -O2  conftest.c >&5
configure:3543: $? = 0
configure:3543: result: yes
configure:3543: checking for sys/stat.h
configure:3543: gcc -c -g -O2  conftest.c >&5
configure:3543: $? = 0
configure:3543: result: yes
configure:3543: checking for stdlib.h
configure:3543: gcc -c -g -O2  conftest.c >&5
configure:3543: $? = 0
configure:3543: result: yes
configure:3543: checking for string.h
configure:3543: gcc -c -g -O2  conftest.c >&5
configure:3543: $? = 0
configure:3543: result: yes
configure:3543: checking for memory.h
configure:3543: gcc -c -g -O2  conftest.c >&5
configure:3543: $? = 0
configure:3543: result: yes
configure:3543: checking for strings.h
configure:3543: gcc -c -g -O2  conftest.c >&5
configure:3543: $? = 0
configure:3543: result: yes
configure:3543: checking for inttypes.h
configure:3543: gcc -c -g -O2  conftest.c >&5
configure:3543: $? = 0
configure:3543: result: yes
configure:3543: checking for stdint.h
configure:3543: gcc -c -g -O2  conftest.c >&5
configure:3543: $? = 0
configure:3543: result: yes
configure:3543: checking for unistd.h
configure:3543: gcc -c -g -O2  conftest.c >&5
configure:3543: $? = 0
configure:3543: result: yes
configure:3559: checking readline/readline.h usability
configure:3559: gcc -c -g -O2  conftest.c >&5
configure:3559: $? = 0
configure:3559: result: yes
configure:3559: checking readline/readline.h presence
configure:3559: gcc -E  conftest.c
configure:3559: $? = 0
configure:3559: result: yes
configure:3559: checking for readline/readline.h
configure:3559: result: yes
configure:3559: checking readline/history.h usability
configure:3559: gcc -c -g -O2  conftest.c >&5
configure:3559: $? = 0
configure:3559: result: yes
configure:3559: checking readline/history.h presence
configure:3559: gcc -E  conftest.c
configure:3559: $? = 0
configure:3559: result: yes
configure:3559: checking for readline/history.h
configure:3559: result: yes
configure:3572: checking for main in -ltermcap
configure:3591: gcc -o conftest -g -O2   conftest.c -ltermcap   >&5
configure:3591: $? = 0
configure:3600: result: yes
configure:3606: checking for main in -lreadline
configure:3625: gcc -o conftest -g -O2   conftest.c -lreadline -ltermcap  >&5
configure:3625: $? = 0
configure:3634: result: yes
configure:3642: checking whether to use readline in goldsh
configure:3646: result: yes
configure:3713: Gold will be installed under the user id gold
configure:3794: checking for ANSI C header files
configure:3898: result: yes
configure:3909: checking fcntl.h usability
configure:3909: gcc -c -g -O2  conftest.c >&5
configure:3909: $? = 0
configure:3909: result: yes
configure:3909: checking fcntl.h presence
configure:3909: gcc -E  conftest.c
configure:3909: $? = 0
configure:3909: result: yes
configure:3909: checking for fcntl.h
configure:3909: result: yes
configure:3909: checking for stdlib.h
configure:3909: result: yes
configure:3909: checking for string.h
configure:3909: result: yes
configure:3927: checking for setenv
configure:3927: gcc -o conftest -g -O2   conftest.c  >&5
configure:3927: $? = 0
configure:3927: result: yes
configure:3927: checking for strerror
configure:3927: gcc -o conftest -g -O2   conftest.c  >&5
configure:3927: $? = 0
configure:3927: result: yes
configure:4088: creating ./config.status

## ---------------------- ##
## Running config.status. ##
## ---------------------- ##

This file was extended by Gold config.status 2.2.0.5, which was
generated by GNU Autoconf 2.65.  Invocation command line was

  CONFIG_FILES    = 
  CONFIG_HEADERS  = 
  CONFIG_LINKS    = 
  CONFIG_COMMANDS = 
  $ ./config.status 

on itf-lifeportal-core-d01.hpc.uio.no

config.status:774: creating base.sql
config.status:774: creating bank.gold
config.status:774: creating bank.sql
config.status:774: creating doc/installation.sgml
config.status:774: creating doc/migration.sgml
config.status:774: creating doc/upgrade.sgml
config.status:774: creating doc/upgradefile.sgml
config.status:774: creating doc/userguide.sgml
config.status:774: creating etc/gold.conf.dist
config.status:774: creating etc/goldd.conf.dist
config.status:774: creating etc/goldg.conf.dist
config.status:774: creating etc/gold.spec
config.status:774: creating etc/gold.d
config.status:774: creating etc/gold.sh
config.status:774: creating etc/gold.csh
config.status:774: creating INSTALL
config.status:774: creating lib/Gold.pm
config.status:774: creating lib/Gold/Global.pm
config.status:774: creating lib/Gold/CGI.pm
config.status:774: creating Makefile
config.status:774: creating README
config.status:774: creating src/goldsh.pl
config.status:774: creating src/goldd.pl
config.status:774: creating src/gold_init.pl

## ---------------- ##
## Cache variables. ##
## ---------------- ##

ac_cv_c_compiler_gnu=yes
ac_cv_env_CC_set=
ac_cv_env_CC_value=
ac_cv_env_CFLAGS_set=
ac_cv_env_CFLAGS_value=
ac_cv_env_CPPFLAGS_set=
ac_cv_env_CPPFLAGS_value=
ac_cv_env_CPP_set=
ac_cv_env_CPP_value=
ac_cv_env_LDFLAGS_set=
ac_cv_env_LDFLAGS_value=
ac_cv_env_LIBS_set=
ac_cv_env_LIBS_value=
ac_cv_env_PERL_set=
ac_cv_env_PERL_value=
ac_cv_env_build_alias_set=
ac_cv_env_build_alias_value=
ac_cv_env_host_alias_set=
ac_cv_env_host_alias_value=
ac_cv_env_target_alias_set=
ac_cv_env_target_alias_value=
ac_cv_func_setenv=yes
ac_cv_func_strerror=yes
ac_cv_header_fcntl_h=yes
ac_cv_header_inttypes_h=yes
ac_cv_header_memory_h=yes
ac_cv_header_readline_history_h=yes
ac_cv_header_readline_readline_h=yes
ac_cv_header_stdc=yes
ac_cv_header_stdint_h=yes
ac_cv_header_stdlib_h=yes
ac_cv_header_string_h=yes
ac_cv_header_strings_h=yes
ac_cv_header_sys_stat_h=yes
ac_cv_header_sys_types_h=yes
ac_cv_header_unistd_h=yes
ac_cv_lib_readline_main=yes
ac_cv_lib_termcap_main=yes
ac_cv_objext=o
ac_cv_path_EGREP='/bin/grep -E'
ac_cv_path_GREP=/bin/grep
ac_cv_path_PERL=/bin/perl
ac_cv_prog_CPP='gcc -E'
ac_cv_prog_GZIP=gzip
ac_cv_prog_RM='rm -f'
ac_cv_prog_TAR=tar
ac_cv_prog_ac_ct_CC=gcc
ac_cv_prog_cc_c89=
ac_cv_prog_cc_g=yes
ac_cv_prog_make_make_set=yes

## ----------------- ##
## Output variables. ##
## ----------------- ##

AUTOCONF=''
CC='gcc'
CFLAGS='-g -O2'
CGI_BIN='/var/www/cgi-bin/gold'
CPP='gcc -E'
CPPFLAGS=''
DBD_PACKAGE=' DBD-Pg-1.32_2gold'
DB_DATASOURCE='DBI:Pg:dbname=gold;host=itf-lifeportal-core-d01.hpc.uio.no'
DB_TYPE='Pg'
DEFS='-DPACKAGE_NAME=\"Gold\" -DPACKAGE_TARNAME=\"gold\" -DPACKAGE_VERSION=\"2.2.0.5\" -DPACKAGE_STRING=\"Gold\ 2.2.0.5\" -DPACKAGE_BUGREPORT=\"gold-support@adaptivecomputing.com\" -DPACKAGE_URL=\"\" -DSTDC_HEADERS=1 -DHAVE_SYS_TYPES_H=1 -DHAVE_SYS_STAT_H=1 -DHAVE_STDLIB_H=1 -DHAVE_STRING_H=1 -DHAVE_MEMORY_H=1 -DHAVE_STRINGS_H=1 -DHAVE_INTTYPES_H=1 -DHAVE_STDINT_H=1 -DHAVE_UNISTD_H=1 -DHAVE_READLINE_READLINE_H=1 -DHAVE_READLINE_HISTORY_H=1 -DSTDC_HEADERS=1 -DHAVE_FCNTL_H=1 -DHAVE_STDLIB_H=1 -DHAVE_STRING_H=1 -DHAVE_SETENV=1 -DHAVE_STRERROR=1'
DOC_DIR='/opt/test_gold/gold/doc'
ECHO_C=''
ECHO_N='-n'
ECHO_T=''
EGREP='/bin/grep -E'
EXEEXT=''
FORKING_SERVER='1'
GREP='/bin/grep'
GZIP='gzip'
HOSTNAME='itf-lifeportal-core-d01.hpc.uio.no'
LDFLAGS=''
LIBOBJS=''
LIBS=''
LIB_INSTALL_DIR='libdir'
LN_S='ln -s'
LOG_DIR='/opt/test_gold/gold/log'
LTLIBOBJS=''
MAKEPL_ARG=' LIB=$(build_root)/opt/test_gold/gold/lib/perl5'
NOW='1484308659'
OBJEXT='o'
PACKAGE_BUGREPORT='gold-support@adaptivecomputing.com'
PACKAGE_NAME='Gold'
PACKAGE_STRING='Gold 2.2.0.5'
PACKAGE_TARNAME='gold'
PACKAGE_URL=''
PACKAGE_VERSION='2.2.0.5'
PATH_SEPARATOR=':'
PERL='/bin/perl'
READLINE_PACKAGE=' Term-ReadLine-Gnu-1.15'
RM='rm -f'
SET_MAKE=''
SHELL='/bin/sh'
SITE_PERL_LIB_DIR='/usr/local/share/perl5'
SQL_INDEX_COMMENT=''
TAR='tar'
USER='gold'
USE_OPEN=''
VARCHAR_SIZE='1024'
ac_ct_CC='gcc'
bindir='${exec_prefix}/bin'
build_alias=''
datadir='${datarootdir}'
datarootdir='${prefix}/share'
docdir='${datarootdir}/doc/${PACKAGE_TARNAME}'
dvidir='${docdir}'
exec_prefix='${prefix}'
host_alias=''
htmldir='${docdir}'
includedir='${prefix}/include'
infodir='${datarootdir}/info'
libdir='${exec_prefix}/lib'
libexecdir='${exec_prefix}/libexec'
localedir='${datarootdir}/locale'
localstatedir='${prefix}/var'
mandir='${datarootdir}/man'
oldincludedir='/usr/include'
pdfdir='${docdir}'
prefix='/opt/test_gold/gold'
program_transform_name='s,x,x,'
psdir='${docdir}'
sbindir='${exec_prefix}/sbin'
sharedstatedir='${prefix}/com'
sysconfdir='${prefix}/etc'
target_alias=''

## ----------- ##
## confdefs.h. ##
## ----------- ##

/* confdefs.h */
#define PACKAGE_NAME "Gold"
#define PACKAGE_TARNAME "gold"
#define PACKAGE_VERSION "2.2.0.5"
#define PACKAGE_STRING "Gold 2.2.0.5"
#define PACKAGE_BUGREPORT "gold-support@adaptivecomputing.com"
#define PACKAGE_URL ""
#define STDC_HEADERS 1
#define HAVE_SYS_TYPES_H 1
#define HAVE_SYS_STAT_H 1
#define HAVE_STDLIB_H 1
#define HAVE_STRING_H 1
#define HAVE_MEMORY_H 1
#define HAVE_STRINGS_H 1
#define HAVE_INTTYPES_H 1
#define HAVE_STDINT_H 1
#define HAVE_UNISTD_H 1
#define HAVE_READLINE_READLINE_H 1
#define HAVE_READLINE_HISTORY_H 1
#define STDC_HEADERS 1
#define HAVE_FCNTL_H 1
#define HAVE_STDLIB_H 1
#define HAVE_STRING_H 1
#define HAVE_SETENV 1
#define HAVE_STRERROR 1

configure: exit 0
